--- adb starting (pid 29197) ---
adb I 29197 29197 main.cpp:78] Android Debug Bridge version 1.0.36
adb I 29197 29197 main.cpp:78] Revision af05c7354fe1-android
adb I 29197 29197 main.cpp:78] 
adb server killed by remote request
--- adb starting (pid 30074) ---
adb I 30074 30074 main.cpp:78] Android Debug Bridge version 1.0.36
adb I 30074 30074 main.cpp:78] Revision af05c7354fe1-android
adb I 30074 30074 main.cpp:78] 
adb server killed by remote request
--- adb starting (pid 8236) ---
adb I  8236  8236 main.cpp:78] Android Debug Bridge version 1.0.36
adb I  8236  8236 main.cpp:78] Revision af05c7354fe1-android
adb I  8236  8236 main.cpp:78] 
adb server killed by remote request
--- adb starting (pid 15980) ---
adb I 15980 15980 main.cpp:78] Android Debug Bridge version 1.0.36
adb I 15980 15980 main.cpp:78] Revision af05c7354fe1-android
adb I 15980 15980 main.cpp:78] 
--- adb starting (pid 3588) ---
adb I  3588  3588 main.cpp:78] Android Debug Bridge version 1.0.36
adb I  3588  3588 main.cpp:78] Revision af05c7354fe1-android
adb I  3588  3588 main.cpp:78] 
--- adb starting (pid 3333) ---
adb I  3333  3333 main.cpp:78] Android Debug Bridge version 1.0.36
adb I  3333  3333 main.cpp:78] Revision af05c7354fe1-android
adb I  3333  3333 main.cpp:78] 
--- adb starting (pid 3768) ---
adb I  3768  3768 main.cpp:78] Android Debug Bridge version 1.0.36
adb I  3768  3768 main.cpp:78] Revision af05c7354fe1-android
adb I  3768  3768 main.cpp:78] 
--- adb starting (pid 3480) ---
adb I  3480  3480 main.cpp:78] Android Debug Bridge version 1.0.36
adb I  3480  3480 main.cpp:78] Revision af05c7354fe1-android
adb I  3480  3480 main.cpp:78] 
--- adb starting (pid 4718) ---
adb I  4718  4718 main.cpp:78] Android Debug Bridge version 1.0.36
adb I  4718  4718 main.cpp:78] Revision af05c7354fe1-android
adb I  4718  4718 main.cpp:78] 
--- adb starting (pid 3070) ---
adb I  3070  3070 main.cpp:78] Android Debug Bridge version 1.0.36
adb I  3070  3070 main.cpp:78] Revision af05c7354fe1-android
adb I  3070  3070 main.cpp:78] 
--- adb starting (pid 2805) ---
adb I  2805  2805 main.cpp:78] Android Debug Bridge version 1.0.36
adb I  2805  2805 main.cpp:78] Revision af05c7354fe1-android
adb I  2805  2805 main.cpp:78] 
--- adb starting (pid 2767) ---
adb I  2767  2767 main.cpp:78] Android Debug Bridge version 1.0.36
adb I  2767  2767 main.cpp:78] Revision af05c7354fe1-android
adb I  2767  2767 main.cpp:78] 
